<?xml version="1.0" encoding="UTF-8"?>
<!-- Generated by org.testng.reporters.JUnitXMLReporter -->
<testsuite hostname="HMS-Harish-QA" name="Default test" tests="3" failures="0" timestamp="3 Dec 2018 13:36:57 GMT" time="22.545" errors="0">
  <testcase name="fn_Test" time="4.292" classname="hms.hotelogix.registration.GenericClass.Test"/>
  <testcase name="fn_Test" time="4.123" classname="hms.hotelogix.registration.GenericClass.Test"/>
  <testcase name="fn_Test" time="4.113" classname="hms.hotelogix.registration.GenericClass.Test"/>
</testsuite> <!-- Default test -->
