<?xml version="1.0" encoding="UTF-8"?>
<!-- Generated by org.testng.reporters.JUnitXMLReporter -->
<testsuite hostname="HMS-Harish-QA" name="Registration" tests="3" failures="0" timestamp="27 Dec 2018 05:15:36 GMT" time="359.417" errors="0">
  <testcase name="launchHotelogixDotCom" time="34.288" classname="hms.hotelogix.registration.Testpage.EnglishPage"/>
  <testcase name="fn_HotelRegister" time="93.307" classname="hms.hotelogix.registration.Testpage.EnglishPage"/>
  <testcase name="fn_WittyWizardPages" time="231.805" classname="hms.hotelogix.registration.Testpage.EnglishPage"/>
</testsuite> <!-- Registration -->
