<?xml version="1.0" encoding="UTF-8"?>
<testng-results skipped="0" failed="0" total="3" passed="3">
  <reporter-output>
    <line>
      <![CDATA[English Hotel Credential]]>
    </line>
    <line>
      <![CDATA[Hotel Code: 45155 User Name: Hotelogix20181227104012@stayezee.com Password: 59878bdf]]>
    </line>
    <line>
      <![CDATA[Registration is completed successfully and we landed on Frontdesk Console]]>
    </line>
  </reporter-output>
  <suite name="Suite" duration-ms="359417" started-at="2018-12-27T05:09:37Z" finished-at="2018-12-27T05:15:36Z">
    <groups>
    </groups>
    <test name="Registration" duration-ms="359417" started-at="2018-12-27T05:09:37Z" finished-at="2018-12-27T05:15:36Z">
      <class name="hms.hotelogix.registration.Testpage.EnglishPage">
        <test-method status="PASS" signature="launchHotelogixDotCom()[pri:0, instance:hms.hotelogix.registration.Testpage.EnglishPage@67b64c45]" name="launchHotelogixDotCom" duration-ms="34288" started-at="2018-12-27T10:39:37Z" finished-at="2018-12-27T10:40:11Z">
          <reporter-output>
          </reporter-output>
        </test-method> <!-- launchHotelogixDotCom -->
        <test-method status="PASS" signature="fn_HotelRegister()[pri:0, instance:hms.hotelogix.registration.Testpage.EnglishPage@67b64c45]" name="fn_HotelRegister" duration-ms="93307" started-at="2018-12-27T10:40:11Z" finished-at="2018-12-27T10:41:45Z">
          <reporter-output>
          </reporter-output>
        </test-method> <!-- fn_HotelRegister -->
        <test-method status="PASS" signature="fn_WittyWizardPages()[pri:0, instance:hms.hotelogix.registration.Testpage.EnglishPage@67b64c45]" name="fn_WittyWizardPages" duration-ms="231805" started-at="2018-12-27T10:41:45Z" finished-at="2018-12-27T10:45:36Z">
          <reporter-output>
            <line>
              <![CDATA[English Hotel Credential]]>
            </line>
            <line>
              <![CDATA[Hotel Code: 45155 User Name: Hotelogix20181227104012@stayezee.com Password: 59878bdf]]>
            </line>
            <line>
              <![CDATA[Registration is completed successfully and we landed on Frontdesk Console]]>
            </line>
          </reporter-output>
        </test-method> <!-- fn_WittyWizardPages -->
      </class> <!-- hms.hotelogix.registration.Testpage.EnglishPage -->
    </test> <!-- Registration -->
  </suite> <!-- Suite -->
</testng-results>
